<?xml version="1.0" encoding="UTF-8"?>
<testsuite name="uTest" tests="1" skipped="0" failures="1" errors="0" timestamp="2021-10-14T02:35:54" hostname="LAPTOP-FNERQ2SN" time="179.152">
  <properties/>
  <testcase name="Sign up for uTest" classname="uTest" time="179.152">
    <failure message="cucumber.runtime.CucumberException: No such field co.com.choucair.certification.proyectobase.model.UTestData.email" type="cucumber.runtime.CucumberException">cucumber.runtime.CucumberException: No such field co.com.choucair.certification.proyectobase.model.UTestData.email
	at cucumber.runtime.table.TableConverter.toListOfComplexType(TableConverter.java:107)
	at cucumber.runtime.table.TableConverter.convert(TableConverter.java:92)
	at cucumber.runtime.StepDefinitionMatch.tableArgument(StepDefinitionMatch.java:106)
	at cucumber.runtime.StepDefinitionMatch.transformedArgs(StepDefinitionMatch.java:82)
	at cucumber.runtime.StepDefinitionMatch.runStep(StepDefinitionMatch.java:40)
	at cucumber.api.TestStep.executeStep(TestStep.java:102)
	at cucumber.api.TestStep.run(TestStep.java:83)
	at cucumber.api.TestCase.run(TestCase.java:58)
	at cucumber.runner.Runner.runPickle(Runner.java:80)
	at cucumber.runtime.junit.PickleRunners$NoStepDescriptions.run(PickleRunners.java:140)
	at cucumber.runtime.junit.FeatureRunner.runChild(FeatureRunner.java:68)
	at cucumber.runtime.junit.FeatureRunner.runChild(FeatureRunner.java:23)
	at org.junit.runners.ParentRunner$3.run(ParentRunner.java:290)
	at org.junit.runners.ParentRunner$1.schedule(ParentRunner.java:71)
	at org.junit.runners.ParentRunner.runChildren(ParentRunner.java:288)
	at org.junit.runners.ParentRunner.access$000(ParentRunner.java:58)
	at org.junit.runners.ParentRunner$2.evaluate(ParentRunner.java:268)
	at org.junit.runners.ParentRunner.run(ParentRunner.java:363)
	at cucumber.runtime.junit.FeatureRunner.run(FeatureRunner.java:73)
	at cucumber.api.junit.Cucumber.runChild(Cucumber.java:118)
	at cucumber.api.junit.Cucumber.runChild(Cucumber.java:56)
	at org.junit.runners.ParentRunner$3.run(ParentRunner.java:290)
	at org.junit.runners.ParentRunner$1.schedule(ParentRunner.java:71)
	at org.junit.runners.ParentRunner.runChildren(ParentRunner.java:288)
	at org.junit.runners.ParentRunner.access$000(ParentRunner.java:58)
	at org.junit.runners.ParentRunner$2.evaluate(ParentRunner.java:268)
	at cucumber.api.junit.Cucumber$1.evaluate(Cucumber.java:127)
	at org.junit.runners.ParentRunner.run(ParentRunner.java:363)
	at org.gradle.api.internal.tasks.testing.junit.JUnitTestClassExecutor.runTestClass(JUnitTestClassExecutor.java:110)
	at org.gradle.api.internal.tasks.testing.junit.JUnitTestClassExecutor.execute(JUnitTestClassExecutor.java:58)
	at org.gradle.api.internal.tasks.testing.junit.JUnitTestClassExecutor.execute(JUnitTestClassExecutor.java:38)
	at org.gradle.api.internal.tasks.testing.junit.AbstractJUnitTestClassProcessor.processTestClass(AbstractJUnitTestClassProcessor.java:62)
	at org.gradle.api.internal.tasks.testing.SuiteTestClassProcessor.processTestClass(SuiteTestClassProcessor.java:51)
	at sun.reflect.NativeMethodAccessorImpl.invoke0(Native Method)
	at sun.reflect.NativeMethodAccessorImpl.invoke(NativeMethodAccessorImpl.java:62)
	at sun.reflect.DelegatingMethodAccessorImpl.invoke(DelegatingMethodAccessorImpl.java:43)
	at java.lang.reflect.Method.invoke(Method.java:498)
	at org.gradle.internal.dispatch.ReflectionDispatch.dispatch(ReflectionDispatch.java:35)
	at org.gradle.internal.dispatch.ReflectionDispatch.dispatch(ReflectionDispatch.java:24)
	at org.gradle.internal.dispatch.ContextClassLoaderDispatch.dispatch(ContextClassLoaderDispatch.java:32)
	at org.gradle.internal.dispatch.ProxyDispatchAdapter$DispatchingInvocationHandler.invoke(ProxyDispatchAdapter.java:93)
	at com.sun.proxy.$Proxy2.processTestClass(Unknown Source)
	at org.gradle.api.internal.tasks.testing.worker.TestWorker.processTestClass(TestWorker.java:118)
	at sun.reflect.NativeMethodAccessorImpl.invoke0(Native Method)
	at sun.reflect.NativeMethodAccessorImpl.invoke(NativeMethodAccessorImpl.java:62)
	at sun.reflect.DelegatingMethodAccessorImpl.invoke(DelegatingMethodAccessorImpl.java:43)
	at java.lang.reflect.Method.invoke(Method.java:498)
	at org.gradle.internal.dispatch.ReflectionDispatch.dispatch(ReflectionDispatch.java:35)
	at org.gradle.internal.dispatch.ReflectionDispatch.dispatch(ReflectionDispatch.java:24)
	at org.gradle.internal.remote.internal.hub.MessageHubBackedObjectConnection$DispatchWrapper.dispatch(MessageHubBackedObjectConnection.java:175)
	at org.gradle.internal.remote.internal.hub.MessageHubBackedObjectConnection$DispatchWrapper.dispatch(MessageHubBackedObjectConnection.java:157)
	at org.gradle.internal.remote.internal.hub.MessageHub$Handler.run(MessageHub.java:404)
	at org.gradle.internal.concurrent.ExecutorPolicy$CatchAndRecordFailures.onExecute(ExecutorPolicy.java:63)
	at org.gradle.internal.concurrent.ManagedExecutorImpl$1.run(ManagedExecutorImpl.java:46)
	at java.util.concurrent.ThreadPoolExecutor.runWorker(ThreadPoolExecutor.java:1142)
	at java.util.concurrent.ThreadPoolExecutor$Worker.run(ThreadPoolExecutor.java:617)
	at org.gradle.internal.concurrent.ThreadFactoryImpl$ManagedThreadRunnable.run(ThreadFactoryImpl.java:55)
	at java.lang.Thread.run(Thread.java:745)
</failure>
  </testcase>
  <system-out><![CDATA[]]></system-out>
  <system-err><![CDATA[[Test worker] WARN net.thucydides.core.steps.BaseStepListener - stepStarted: net.thucydides.core.steps.ExecutedStepDescription@32745a3c
[Test worker] WARN net.thucydides.core.steps.BaseStepListener - stepStarted: net.thucydides.core.steps.ExecutedStepDescription@228056fe
[Test worker] WARN net.thucydides.core.steps.BaseStepListener - stepStarted: net.thucydides.core.steps.ExecutedStepDescription@46d6e4b8
oct 13, 2021 9:35:55 PM org.openqa.selenium.remote.DesiredCapabilities chrome
INFORMACIÓN: Using `new ChromeOptions()` is preferred to `DesiredCapabilities.chrome()`
[Test worker] INFO net.serenitybdd.core.webdriver.driverproviders.ProvideNewDriver - Instantiating driver
[Test worker] INFO net.serenitybdd.core.webdriver.driverproviders.ProvideNewDriver - Driver capabilities: Capabilities {acceptInsecureCerts: false, browserName: chrome, chrome.switches: --start-maximized, goog:chromeOptions: {args: [--start-maximized], extensions: []}, loggingPrefs: org.openqa.selenium.logging..., platform: ANY, version: }
Starting ChromeDriver 93.0.4577.63 (ff5c0da2ec0adeaed5550e6c7e98417dac77d98a-refs/branch-heads/4577@{#1135}) on port 23958
Only local connections are allowed.
Please see https://chromedriver.chromium.org/security-considerations for suggestions on keeping ChromeDriver safe.
ChromeDriver was started successfully.
[1634178960.232][WARNING]: This version of ChromeDriver has not been tested with Chrome version 94.
oct 13, 2021 9:36:02 PM org.openqa.selenium.remote.ProtocolHandshake createSession
INFORMACIÓN: Detected dialect: W3C
[Test worker] WARN net.thucydides.core.steps.BaseStepListener - stepFinished: current outcome:Sign up for uTest:Given than brandon wants to register in uTest [Brandon open up [Brandon opens the U test page]]
[Test worker] WARN net.thucydides.core.steps.BaseStepListener - stepFinished: current outcome:Sign up for uTest:Given than brandon wants to register in uTest [Brandon open up [Brandon opens the U test page]]
[Test worker] WARN net.thucydides.core.steps.BaseStepListener - stepStarted: net.thucydides.core.steps.ExecutedStepDescription@5ea95bf9
[Test worker] WARN net.thucydides.core.steps.BaseStepListener - stepStarted: net.thucydides.core.steps.ExecutedStepDescription@12977e39
[Test worker] WARN net.thucydides.core.steps.BaseStepListener - stepFinished: current outcome:Sign up for uTest:Given than brandon wants to register in uTest [Brandon open up [Brandon opens the U test page], Brandon formulario [Brandon clicks on Se dirige a la vista del formulario]]
[Test worker] WARN net.thucydides.core.steps.BaseStepListener - stepFinished: current outcome:Sign up for uTest:Given than brandon wants to register in uTest [Brandon open up [Brandon opens the U test page], Brandon formulario [Brandon clicks on Se dirige a la vista del formulario]]
[Test worker] WARN net.thucydides.core.steps.BaseStepListener - stepFinished: current outcome:Sign up for uTest:Given than brandon wants to register in uTest [Brandon open up [Brandon opens the U test page], Brandon formulario [Brandon clicks on Se dirige a la vista del formulario]]
[Test worker] WARN net.thucydides.core.steps.BaseStepListener - stepStarted: net.thucydides.core.steps.ExecutedStepDescription@29e09a5c
[Test worker] WARN net.thucydides.core.steps.BaseStepListener - stepStarted: net.thucydides.core.steps.ExecutedStepDescription@428a6f6f
[Test worker] WARN net.thucydides.core.steps.BaseStepListener - testFinished: Sign up for uTest:Given than brandon wants to register in uTest [Brandon open up [Brandon opens the U test page], Brandon formulario [Brandon clicks on Se dirige a la vista del formulario]], When Make registration form in Utest
| firtName | lastName | email | optMonth | optDay | optYear | zip | password |
| Jackier David | Buelvas Julio | jbuelvasjulio23@gmail.com | number:1 | number:23 | number:1997 | 706010 | 123AA123aa |, Then confirmation of successful registration
| verification |
| First, please check your email inbox |
[Test worker] WARN net.thucydides.core.steps.BaseStepListener - TestOutcomes: [Sign up for uTest:Given than brandon wants to register in uTest [Brandon open up [Brandon opens the U test page], Brandon formulario [Brandon clicks on Se dirige a la vista del formulario]], When Make registration form in Utest
| firtName | lastName | email | optMonth | optDay | optYear | zip | password |
| Jackier David | Buelvas Julio | jbuelvasjulio23@gmail.com | number:1 | number:23 | number:1997 | 706010 | 123AA123aa |, Then confirmation of successful registration
| verification |
| First, please check your email inbox |]
[Test worker] WARN net.thucydides.core.steps.BaseStepListener - Final testOutcomes: [Sign up for uTest:Given than brandon wants to register in uTest [Brandon open up [Brandon opens the U test page], Brandon formulario [Brandon clicks on Se dirige a la vista del formulario]], When Make registration form in Utest
| firtName | lastName | email | optMonth | optDay | optYear | zip | password |
| Jackier David | Buelvas Julio | jbuelvasjulio23@gmail.com | number:1 | number:23 | number:1997 | 706010 | 123AA123aa |, Then confirmation of successful registration
| verification |
| First, please check your email inbox |]
[Test worker] ERROR net.thucydides.core.steps.ConsoleLoggingListener - 
           __  _____ _____ ____ _____   _____ _    ___ _     _____ ____  
  _       / / |_   _| ____/ ___|_   _| |  ___/ \  |_ _| |   | ____|  _ \ 
 (_)_____| |    | | |  _| \___ \ | |   | |_ / _ \  | || |   |  _| | | | |
  _|_____| |    | | | |___ ___) || |   |  _/ ___ \ | || |___| |___| |_| |
 (_)     | |    |_| |_____|____/ |_|   |_|/_/   \_\___|_____|_____|____/ 
          \_\                                                            

TEST FAILED WITH ERROR: Sign up for uTest
---------------------------------------------------------------------
[Test worker] ERROR net.thucydides.core.steps.ConsoleLoggingListener - TEST FAILED AT STEP When Make registration form in Utest | firtName | lastName | email | optMonth | optDay | optYear | zip | password | | Jackier David | Buelvas Julio | jbuelvasjulio23@gmail.com | number:1 | number:23 | number:1997 | 706010 | 123AA123aa |
[Test worker] ERROR net.thucydides.core.steps.ConsoleLoggingListener - No such field co.com.choucair.certification.proyectobase.model.UTestData.email
]]></system-err>
</testsuite>
