{"name":"Sign up for uTest","id":"utest;sign-up-for-utest","testSteps":[{"number":1,"description":"Given than brandon wants to register in uTest","duration":85211,"startTime":"2021-10-13T16:45:10.787-05:00[America/Bogota]","screenshots":[{"screenshot":"65a451dbbc2de1b5bed6850e58bb14447f396d0c0b956cbf524c064dbd698837.png","timeStamp":1634161595998}],"result":"SUCCESS","precondition":false,"level":0,"lineNumber":0,"children":[{"number":2,"description":"Brandon open up","duration":82070,"startTime":"2021-10-13T16:45:11.641-05:00[America/Bogota]","screenshots":[{"screenshot":"1b7039275b63d24d27460b2d4fd237e79f53087424584ebdea002cbcb9319744.png","timeStamp":1634161593711}],"result":"SUCCESS","precondition":false,"level":1,"lineNumber":0,"children":[{"number":3,"description":"Brandon opens the U test page","duration":82010,"startTime":"2021-10-13T16:45:11.665-05:00[America/Bogota]","screenshots":[{"screenshot":"1b7039275b63d24d27460b2d4fd237e79f53087424584ebdea002cbcb9319744.png","timeStamp":1634161593674}],"result":"SUCCESS","precondition":false,"level":2,"lineNumber":0}]},{"number":4,"description":"Brandon formulario","duration":1248,"startTime":"2021-10-13T16:46:33.711-05:00[America/Bogota]","screenshots":[{"screenshot":"9f9b70147dcae4bdfcba29217c13d63662e2ab1b9ff73e312e9f1585dfa6a44b.png","timeStamp":1634161594959}],"result":"SUCCESS","precondition":false,"level":1,"lineNumber":0,"children":[{"number":5,"description":"Brandon clicks on Se dirige a la vista del formulario","duration":1199,"startTime":"2021-10-13T16:46:33.726-05:00[America/Bogota]","screenshots":[{"screenshot":"9f9b70147dcae4bdfcba29217c13d63662e2ab1b9ff73e312e9f1585dfa6a44b.png","timeStamp":1634161594925}],"result":"SUCCESS","precondition":false,"level":2,"lineNumber":0}]}]},{"number":6,"description":"When Make registration form in Utest","duration":20896,"startTime":"2021-10-13T16:46:36-05:00[America/Bogota]","exception":{"errorType":"net.thucydides.core.webdriver.exceptions.ElementShouldBeEnabledException","message":"Expected enabled element was not enabled","stackTrace":[{"declaringClass":"co.com.choucair.certification.proyectobase.tasks.Inscribirse","methodName":"performAs","fileName":"Inscribirse.java","lineNumber":22},{"declaringClass":"co.com.choucair.certification.proyectobase.stepdefinitions.UTestStepDefinitions","methodName":"makeRegistrationFormInUtest","fileName":"UTestStepDefinitions.java","lineNumber":26},{"declaringClass":"cucumber.runner.Runner","methodName":"runPickle","fileName":"Runner.java","lineNumber":80}],"rootCause":{"errorType":"org.openqa.selenium.TimeoutException","message":"Expected condition failed: waiting for By.xpath: //div[@placeholder\u003d\u0027Select Brand\u0027 @aria-label\u003d\u0027Select Brand\u0027] to be enabled (tried for 5 second(s) with 100 milliseconds interval)","stackTrace":[{"declaringClass":"co.com.choucair.certification.proyectobase.tasks.Inscribirse","methodName":"performAs","fileName":"Inscribirse.java","lineNumber":22},{"declaringClass":"co.com.choucair.certification.proyectobase.stepdefinitions.UTestStepDefinitions","methodName":"makeRegistrationFormInUtest","fileName":"UTestStepDefinitions.java","lineNumber":26},{"declaringClass":"cucumber.runner.Runner","methodName":"runPickle","fileName":"Runner.java","lineNumber":80}],"rootCause":{"errorType":"org.openqa.selenium.InvalidSelectorException","message":"invalid selector: Unable to locate an element with the xpath expression //div[@placeholder\u003d\u0027Select Brand\u0027 @aria-label\u003d\u0027Select Brand\u0027] because of the following error:\nSyntaxError: Failed to execute \u0027evaluate\u0027 on \u0027Document\u0027: The string \u0027//div[@placeholder\u003d\u0027Select Brand\u0027 @aria-label\u003d\u0027Select Brand\u0027]\u0027 is not a valid XPath expression.\n  (Session info: chrome\u003d94.0.4606.81)\nFor documentation on this error, please visit: https://www.seleniumhq.org/exceptions/invalid_selector_exception.html\nBuild info: version: \u00273.141.59\u0027, revision: \u0027e82be7d358\u0027, time: \u00272018-11-14T08:17:03\u0027\nSystem info: host: \u0027LAPTOP-FNERQ2SN\u0027, ip: \u0027169.254.173.191\u0027, os.name: \u0027Windows 10\u0027, os.arch: \u0027amd64\u0027, os.version: \u002710.0\u0027, java.version: \u00271.8.0_111\u0027\nDriver info: org.openqa.selenium.chrome.ChromeDriver\nCapabilities {acceptInsecureCerts: false, browserName: chrome, browserVersion: 94.0.4606.81, chrome: {chromedriverVersion: 93.0.4577.63 (ff5c0da2ec0ad..., userDataDir: C:\\Users\\INFINI~1\\AppData\\L...}, goog:chromeOptions: {debuggerAddress: localhost:53930}, javascriptEnabled: true, networkConnectionEnabled: false, pageLoadStrategy: normal, platform: WINDOWS, platformName: WINDOWS, proxy: Proxy(), setWindowRect: true, strictFileInteractability: false, timeouts: {implicit: 0, pageLoad: 300000, script: 30000}, unhandledPromptBehavior: dismiss and notify, webauthn:extension:credBlob: true, webauthn:extension:largeBlob: true, webauthn:virtualAuthenticators: true}\nSession ID: 38bdf41a0a59da235cabefffeb30913e\n*** Element info: {Using\u003dxpath, value\u003d//div[@placeholder\u003d\u0027Select Brand\u0027 @aria-label\u003d\u0027Select Brand\u0027]}","stackTrace":[{"declaringClass":"co.com.choucair.certification.proyectobase.tasks.Inscribirse","methodName":"performAs","fileName":"Inscribirse.java","lineNumber":22},{"declaringClass":"co.com.choucair.certification.proyectobase.stepdefinitions.UTestStepDefinitions","methodName":"makeRegistrationFormInUtest","fileName":"UTestStepDefinitions.java","lineNumber":26},{"declaringClass":"cucumber.runner.Runner","methodName":"runPickle","fileName":"Runner.java","lineNumber":80}]}}},"result":"FAILURE","precondition":false,"level":0,"lineNumber":0,"children":[{"number":7,"description":"Brandon inscribirse","duration":20843,"startTime":"2021-10-13T16:46:36.013-05:00[America/Bogota]","exception":{"errorType":"net.thucydides.core.webdriver.exceptions.ElementShouldBeEnabledException","message":"Expected enabled element was not enabled","stackTrace":[{"declaringClass":"co.com.choucair.certification.proyectobase.tasks.Inscribirse","methodName":"performAs","fileName":"Inscribirse.java","lineNumber":22},{"declaringClass":"co.com.choucair.certification.proyectobase.stepdefinitions.UTestStepDefinitions","methodName":"makeRegistrationFormInUtest","fileName":"UTestStepDefinitions.java","lineNumber":26},{"declaringClass":"cucumber.runner.Runner","methodName":"runPickle","fileName":"Runner.java","lineNumber":80}],"rootCause":{"errorType":"org.openqa.selenium.TimeoutException","message":"Expected condition failed: waiting for By.xpath: //div[@placeholder\u003d\u0027Select Brand\u0027 @aria-label\u003d\u0027Select Brand\u0027] to be enabled (tried for 5 second(s) with 100 milliseconds interval)","stackTrace":[{"declaringClass":"co.com.choucair.certification.proyectobase.tasks.Inscribirse","methodName":"performAs","fileName":"Inscribirse.java","lineNumber":22},{"declaringClass":"co.com.choucair.certification.proyectobase.stepdefinitions.UTestStepDefinitions","methodName":"makeRegistrationFormInUtest","fileName":"UTestStepDefinitions.java","lineNumber":26},{"declaringClass":"cucumber.runner.Runner","methodName":"runPickle","fileName":"Runner.java","lineNumber":80}],"rootCause":{"errorType":"org.openqa.selenium.InvalidSelectorException","message":"invalid selector: Unable to locate an element with the xpath expression //div[@placeholder\u003d\u0027Select Brand\u0027 @aria-label\u003d\u0027Select Brand\u0027] because of the following error:\nSyntaxError: Failed to execute \u0027evaluate\u0027 on \u0027Document\u0027: The string \u0027//div[@placeholder\u003d\u0027Select Brand\u0027 @aria-label\u003d\u0027Select Brand\u0027]\u0027 is not a valid XPath expression.\n  (Session info: chrome\u003d94.0.4606.81)\nFor documentation on this error, please visit: https://www.seleniumhq.org/exceptions/invalid_selector_exception.html\nBuild info: version: \u00273.141.59\u0027, revision: \u0027e82be7d358\u0027, time: \u00272018-11-14T08:17:03\u0027\nSystem info: host: \u0027LAPTOP-FNERQ2SN\u0027, ip: \u0027169.254.173.191\u0027, os.name: \u0027Windows 10\u0027, os.arch: \u0027amd64\u0027, os.version: \u002710.0\u0027, java.version: \u00271.8.0_111\u0027\nDriver info: org.openqa.selenium.chrome.ChromeDriver\nCapabilities {acceptInsecureCerts: false, browserName: chrome, browserVersion: 94.0.4606.81, chrome: {chromedriverVersion: 93.0.4577.63 (ff5c0da2ec0ad..., userDataDir: C:\\Users\\INFINI~1\\AppData\\L...}, goog:chromeOptions: {debuggerAddress: localhost:53930}, javascriptEnabled: true, networkConnectionEnabled: false, pageLoadStrategy: normal, platform: WINDOWS, platformName: WINDOWS, proxy: Proxy(), setWindowRect: true, strictFileInteractability: false, timeouts: {implicit: 0, pageLoad: 300000, script: 30000}, unhandledPromptBehavior: dismiss and notify, webauthn:extension:credBlob: true, webauthn:extension:largeBlob: true, webauthn:virtualAuthenticators: true}\nSession ID: 38bdf41a0a59da235cabefffeb30913e\n*** Element info: {Using\u003dxpath, value\u003d//div[@placeholder\u003d\u0027Select Brand\u0027 @aria-label\u003d\u0027Select Brand\u0027]}","stackTrace":[{"declaringClass":"co.com.choucair.certification.proyectobase.tasks.Inscribirse","methodName":"performAs","fileName":"Inscribirse.java","lineNumber":22},{"declaringClass":"co.com.choucair.certification.proyectobase.stepdefinitions.UTestStepDefinitions","methodName":"makeRegistrationFormInUtest","fileName":"UTestStepDefinitions.java","lineNumber":26},{"declaringClass":"cucumber.runner.Runner","methodName":"runPickle","fileName":"Runner.java","lineNumber":80}]}}},"result":"FAILURE","precondition":false,"level":1,"lineNumber":0,"children":[{"number":8,"description":"Brandon enters \u0027Jackier David\u0027 into Ingresar nombres","duration":1617,"startTime":"2021-10-13T16:46:36.121-05:00[America/Bogota]","screenshots":[{"screenshot":"ba518e34f0d7e95185992952a0168a5ca9377199e614851af37a43d77a2ebd46.png","timeStamp":1634161597738}],"result":"SUCCESS","precondition":false,"level":2,"lineNumber":0},{"number":9,"description":"Brandon enters \u0027Buelvas Julio\u0027 into Ingresar apellidos","duration":1273,"startTime":"2021-10-13T16:46:37.738-05:00[America/Bogota]","screenshots":[{"screenshot":"b21d0117f5a9e9c05de216c03a040594b786f641332ec6f562673dabd1c90174.png","timeStamp":1634161599011}],"result":"SUCCESS","precondition":false,"level":2,"lineNumber":0},{"number":10,"description":"Brandon enters \u0027jbuelvasjulio23@gmail.com\u0027 into Ingresar correo","duration":1100,"startTime":"2021-10-13T16:46:39.022-05:00[America/Bogota]","screenshots":[{"screenshot":"a379cce5be844142c5a3a17ebda1ff995dad609eb3536130ff8749c164ef3547.png","timeStamp":1634161600122}],"result":"SUCCESS","precondition":false,"level":2,"lineNumber":0},{"number":11,"description":"Brandon selects number:1 in Seleccionar mes de nacimiento","duration":1136,"startTime":"2021-10-13T16:46:40.130-05:00[America/Bogota]","screenshots":[{"screenshot":"03e0b0ff5496690475f8d6ad415f02c0b24f4318c1cae611cebe0732728f9923.png","timeStamp":1634161601266}],"result":"SUCCESS","precondition":false,"level":2,"lineNumber":0},{"number":12,"description":"Brandon selects number:23 in Seleccionar dia de nacimiento","duration":1188,"startTime":"2021-10-13T16:46:41.268-05:00[America/Bogota]","screenshots":[{"screenshot":"0d7bbbf2b2521706702d03e0a020a3f80ab29856cd2e277c729190bb09730978.png","timeStamp":1634161602456}],"result":"SUCCESS","precondition":false,"level":2,"lineNumber":0},{"number":13,"description":"Brandon selects number:1997 in Seleccionar aÃ±o de nacimiento","duration":1320,"startTime":"2021-10-13T16:46:42.459-05:00[America/Bogota]","screenshots":[{"screenshot":"1ab256894d01a91b969c5ca7fe8eee1bac86dcb80aefc311594c9ea532d2899f.png","timeStamp":1634161603779}],"result":"SUCCESS","precondition":false,"level":2,"lineNumber":0},{"number":14,"description":"Brandon clicks on Abrir lista","duration":1563,"startTime":"2021-10-13T16:46:43.788-05:00[America/Bogota]","screenshots":[{"screenshot":"4d182536a60b85efb17add6389fd568dc1445da1f0beea338a1304e4581bd3dd.png","timeStamp":1634161605351}],"result":"SUCCESS","precondition":false,"level":2,"lineNumber":0},{"number":15,"description":"Brandon clicks on Seleccionar idioma","duration":1050,"startTime":"2021-10-13T16:46:45.366-05:00[America/Bogota]","screenshots":[{"screenshot":"d8502baa9dfa2705fd3980ba53b436018aff33f6b452f2adad0db86aa001cb98.png","timeStamp":1634161606416}],"result":"SUCCESS","precondition":false,"level":2,"lineNumber":0},{"number":16,"description":"Brandon clicks on Siguiente paso","duration":1213,"startTime":"2021-10-13T16:46:46.419-05:00[America/Bogota]","screenshots":[{"screenshot":"1c432b285bbe7280fb8fbeb8d54b8b1337bee5df7e9872b608191d1e10038c89.png","timeStamp":1634161607632}],"result":"SUCCESS","precondition":false,"level":2,"lineNumber":0},{"number":17,"description":"Brandon enters \u0027706010\u0027 into Ingresar codigo postal","duration":1529,"startTime":"2021-10-13T16:46:47.635-05:00[America/Bogota]","screenshots":[{"screenshot":"d440de90227d38f71b35d5cb4e240dba91419eb5e56d976c842a188e17b0e85d.png","timeStamp":1634161609164}],"result":"SUCCESS","precondition":false,"level":2,"lineNumber":0},{"number":18,"description":"Brandon clicks on Siguiente paso","duration":1489,"startTime":"2021-10-13T16:46:49.173-05:00[America/Bogota]","screenshots":[{"screenshot":"ba0fb5b58bb6cd642ce70fb20460a74796bd3001e7609c4cf0773d4f7fd3c266.png","timeStamp":1634161610661}],"result":"SUCCESS","precondition":false,"level":2,"lineNumber":0},{"number":19,"description":"Brandon clicks on Lista de dispositivos","duration":6159,"startTime":"2021-10-13T16:46:50.662-05:00[America/Bogota]","screenshots":[{"screenshot":"5b48aa00fdab5b37917258151231901b09b32e9f1c8b6eeadd1d73a69f34a4db.png","timeStamp":1634161616812}],"exception":{"errorType":"net.thucydides.core.webdriver.exceptions.ElementShouldBeEnabledException","message":"Expected enabled element was not enabled","stackTrace":[{"declaringClass":"co.com.choucair.certification.proyectobase.tasks.Inscribirse","methodName":"performAs","fileName":"Inscribirse.java","lineNumber":22},{"declaringClass":"co.com.choucair.certification.proyectobase.stepdefinitions.UTestStepDefinitions","methodName":"makeRegistrationFormInUtest","fileName":"UTestStepDefinitions.java","lineNumber":26},{"declaringClass":"cucumber.runner.Runner","methodName":"runPickle","fileName":"Runner.java","lineNumber":80}],"rootCause":{"errorType":"org.openqa.selenium.TimeoutException","message":"Expected condition failed: waiting for By.xpath: //div[@placeholder\u003d\u0027Select Brand\u0027 @aria-label\u003d\u0027Select Brand\u0027] to be enabled (tried for 5 second(s) with 100 milliseconds interval)","stackTrace":[{"declaringClass":"co.com.choucair.certification.proyectobase.tasks.Inscribirse","methodName":"performAs","fileName":"Inscribirse.java","lineNumber":22},{"declaringClass":"co.com.choucair.certification.proyectobase.stepdefinitions.UTestStepDefinitions","methodName":"makeRegistrationFormInUtest","fileName":"UTestStepDefinitions.java","lineNumber":26},{"declaringClass":"cucumber.runner.Runner","methodName":"runPickle","fileName":"Runner.java","lineNumber":80}],"rootCause":{"errorType":"org.openqa.selenium.InvalidSelectorException","message":"invalid selector: Unable to locate an element with the xpath expression //div[@placeholder\u003d\u0027Select Brand\u0027 @aria-label\u003d\u0027Select Brand\u0027] because of the following error:\nSyntaxError: Failed to execute \u0027evaluate\u0027 on \u0027Document\u0027: The string \u0027//div[@placeholder\u003d\u0027Select Brand\u0027 @aria-label\u003d\u0027Select Brand\u0027]\u0027 is not a valid XPath expression.\n  (Session info: chrome\u003d94.0.4606.81)\nFor documentation on this error, please visit: https://www.seleniumhq.org/exceptions/invalid_selector_exception.html\nBuild info: version: \u00273.141.59\u0027, revision: \u0027e82be7d358\u0027, time: \u00272018-11-14T08:17:03\u0027\nSystem info: host: \u0027LAPTOP-FNERQ2SN\u0027, ip: \u0027169.254.173.191\u0027, os.name: \u0027Windows 10\u0027, os.arch: \u0027amd64\u0027, os.version: \u002710.0\u0027, java.version: \u00271.8.0_111\u0027\nDriver info: org.openqa.selenium.chrome.ChromeDriver\nCapabilities {acceptInsecureCerts: false, browserName: chrome, browserVersion: 94.0.4606.81, chrome: {chromedriverVersion: 93.0.4577.63 (ff5c0da2ec0ad..., userDataDir: C:\\Users\\INFINI~1\\AppData\\L...}, goog:chromeOptions: {debuggerAddress: localhost:53930}, javascriptEnabled: true, networkConnectionEnabled: false, pageLoadStrategy: normal, platform: WINDOWS, platformName: WINDOWS, proxy: Proxy(), setWindowRect: true, strictFileInteractability: false, timeouts: {implicit: 0, pageLoad: 300000, script: 30000}, unhandledPromptBehavior: dismiss and notify, webauthn:extension:credBlob: true, webauthn:extension:largeBlob: true, webauthn:virtualAuthenticators: true}\nSession ID: 38bdf41a0a59da235cabefffeb30913e\n*** Element info: {Using\u003dxpath, value\u003d//div[@placeholder\u003d\u0027Select Brand\u0027 @aria-label\u003d\u0027Select Brand\u0027]}","stackTrace":[{"declaringClass":"co.com.choucair.certification.proyectobase.tasks.Inscribirse","methodName":"performAs","fileName":"Inscribirse.java","lineNumber":22},{"declaringClass":"co.com.choucair.certification.proyectobase.stepdefinitions.UTestStepDefinitions","methodName":"makeRegistrationFormInUtest","fileName":"UTestStepDefinitions.java","lineNumber":26},{"declaringClass":"cucumber.runner.Runner","methodName":"runPickle","fileName":"Runner.java","lineNumber":80}]}}},"result":"FAILURE","precondition":false,"level":2,"lineNumber":0}]}]},{"number":20,"description":"Then confirmation of successful registration","duration":3,"startTime":"2021-10-13T16:46:56.948-05:00[America/Bogota]","result":"SKIPPED","precondition":false,"level":0,"lineNumber":0}],"userStory":{"id":"utest","storyName":"uTest","path":"src/test/resources/features/uTest.feature","narrative":"  As a user, I want to learn how to automate in screenplay at the Choucair Academy with the automation course","type":"feature"},"featureTag":{"name":"Features/uTest","type":"feature","displayName":"Features/uTest"},"title":"Sign up for uTest","tags":[{"name":"scenario1","type":"tag","displayName":"scenario1"},{"name":"uTest","type":"feature","displayName":"uTest"},{"name":"stories","type":"tag","displayName":"stories"}],"startTime":"2021-10-13T16:45:10.470-05:00[America/Bogota]","duration":106487,"testFailureCause":{"errorType":"net.thucydides.core.webdriver.exceptions.ElementShouldBeEnabledException","message":"Expected enabled element was not enabled","stackTrace":[{"declaringClass":"co.com.choucair.certification.proyectobase.tasks.Inscribirse","methodName":"performAs","fileName":"Inscribirse.java","lineNumber":22},{"declaringClass":"co.com.choucair.certification.proyectobase.stepdefinitions.UTestStepDefinitions","methodName":"makeRegistrationFormInUtest","fileName":"UTestStepDefinitions.java","lineNumber":26},{"declaringClass":"cucumber.runner.Runner","methodName":"runPickle","fileName":"Runner.java","lineNumber":80}],"rootCause":{"errorType":"org.openqa.selenium.TimeoutException","message":"Expected condition failed: waiting for By.xpath: //div[@placeholder\u003d\u0027Select Brand\u0027 @aria-label\u003d\u0027Select Brand\u0027] to be enabled (tried for 5 second(s) with 100 milliseconds interval)","stackTrace":[{"declaringClass":"co.com.choucair.certification.proyectobase.tasks.Inscribirse","methodName":"performAs","fileName":"Inscribirse.java","lineNumber":22},{"declaringClass":"co.com.choucair.certification.proyectobase.stepdefinitions.UTestStepDefinitions","methodName":"makeRegistrationFormInUtest","fileName":"UTestStepDefinitions.java","lineNumber":26},{"declaringClass":"cucumber.runner.Runner","methodName":"runPickle","fileName":"Runner.java","lineNumber":80}],"rootCause":{"errorType":"org.openqa.selenium.InvalidSelectorException","message":"invalid selector: Unable to locate an element with the xpath expression //div[@placeholder\u003d\u0027Select Brand\u0027 @aria-label\u003d\u0027Select Brand\u0027] because of the following error:\nSyntaxError: Failed to execute \u0027evaluate\u0027 on \u0027Document\u0027: The string \u0027//div[@placeholder\u003d\u0027Select Brand\u0027 @aria-label\u003d\u0027Select Brand\u0027]\u0027 is not a valid XPath expression.\n  (Session info: chrome\u003d94.0.4606.81)\nFor documentation on this error, please visit: https://www.seleniumhq.org/exceptions/invalid_selector_exception.html\nBuild info: version: \u00273.141.59\u0027, revision: \u0027e82be7d358\u0027, time: \u00272018-11-14T08:17:03\u0027\nSystem info: host: \u0027LAPTOP-FNERQ2SN\u0027, ip: \u0027169.254.173.191\u0027, os.name: \u0027Windows 10\u0027, os.arch: \u0027amd64\u0027, os.version: \u002710.0\u0027, java.version: \u00271.8.0_111\u0027\nDriver info: org.openqa.selenium.chrome.ChromeDriver\nCapabilities {acceptInsecureCerts: false, browserName: chrome, browserVersion: 94.0.4606.81, chrome: {chromedriverVersion: 93.0.4577.63 (ff5c0da2ec0ad..., userDataDir: C:\\Users\\INFINI~1\\AppData\\L...}, goog:chromeOptions: {debuggerAddress: localhost:53930}, javascriptEnabled: true, networkConnectionEnabled: false, pageLoadStrategy: normal, platform: WINDOWS, platformName: WINDOWS, proxy: Proxy(), setWindowRect: true, strictFileInteractability: false, timeouts: {implicit: 0, pageLoad: 300000, script: 30000}, unhandledPromptBehavior: dismiss and notify, webauthn:extension:credBlob: true, webauthn:extension:largeBlob: true, webauthn:virtualAuthenticators: true}\nSession ID: 38bdf41a0a59da235cabefffeb30913e\n*** Element info: {Using\u003dxpath, value\u003d//div[@placeholder\u003d\u0027Select Brand\u0027 @aria-label\u003d\u0027Select Brand\u0027]}","stackTrace":[{"declaringClass":"co.com.choucair.certification.proyectobase.tasks.Inscribirse","methodName":"performAs","fileName":"Inscribirse.java","lineNumber":22},{"declaringClass":"co.com.choucair.certification.proyectobase.stepdefinitions.UTestStepDefinitions","methodName":"makeRegistrationFormInUtest","fileName":"UTestStepDefinitions.java","lineNumber":26},{"declaringClass":"cucumber.runner.Runner","methodName":"runPickle","fileName":"Runner.java","lineNumber":80}]}}},"testFailureClassname":"net.thucydides.core.webdriver.exceptions.ElementShouldBeEnabledException","testFailureMessage":"Expected enabled element was not enabled","testFailureSummary":"FAILURE;net.thucydides.core.webdriver.exceptions.ElementShouldBeEnabledException;Expected enabled element was not enabled;Inscribirse.java","projectKey":"","annotatedResult":"FAILURE","sessionId":"38bdf41a0a59da235cabefffeb30913e","driver":"chrome:brandon","isManualTestingUpToDate":false,"manual":false,"testSource":"Cucumber","actors":[{"name":"Brandon","can":["browse the web"]}],"result":"FAILURE"}